#
# There is insufficient memory for the Java Runtime Environment to continue.
# Native memory allocation (malloc) failed to allocate 924976 bytes for Chunk::new
# Possible reasons:
#   The system is out of physical RAM or swap space
#   In 32 bit mode, the process size limit was hit
# Possible solutions:
#   Reduce memory load on the system
#   Increase physical memory or swap space
#   Check if swap backing store is full
#   Use 64 bit Java on a 64 bit OS
#   Decrease Java heap size (-Xmx/-Xms)
#   Decrease number of Java threads
#   Decrease Java thread stack sizes (-Xss)
#   Set larger code cache with -XX:ReservedCodeCacheSize=
# This output file may be truncated or incomplete.
#
#  Out of Memory Error (allocation.cpp:390), pid=13120, tid=2108
#
# JRE version: Java(TM) SE Runtime Environment (8.0_60-b27) (build 1.8.0_60-b27)
# Java VM: Java HotSpot(TM) 64-Bit Server VM (25.60-b23 mixed mode windows-amd64 compressed oops)
# Failed to write core dump. Minidumps are not enabled by default on client versions of Windows
#

---------------  T H R E A D  ---------------

Current thread (0x00000000195f1800):  JavaThread "C2 CompilerThread0" daemon [_thread_in_native, id=2108, stack(0x000000001ac80000,0x000000001ad80000)]

Stack: [0x000000001ac80000,0x000000001ad80000]
[error occurred during error reporting (printing stack bounds), id 0xc0000005]

Native frames: (J=compiled Java code, j=interpreted, Vv=VM code, C=native code)


Current CompileTask:
C2:    630  402       4       java.io.WinNTFileSystem::normalize (143 bytes)


---------------  P R O C E S S  ---------------

Java Threads: ( => current thread )
  0x000000001bf19800 JavaThread "ReaderThread" [_thread_in_native, id=12400, stack(0x000000001cd50000,0x000000001ce50000)]
  0x000000001afb8800 JavaThread "Service Thread" daemon [_thread_blocked, id=6468, stack(0x000000001b380000,0x000000001b480000)]
  0x0000000019609000 JavaThread "C1 CompilerThread2" daemon [_thread_blocked, id=15288, stack(0x000000001ae80000,0x000000001af80000)]
  0x0000000019603000 JavaThread "C2 CompilerThread1" daemon [_thread_blocked, id=12524, stack(0x000000001ad80000,0x000000001ae80000)]
=>0x00000000195f1800 JavaThread "C2 CompilerThread0" daemon [_thread_in_native, id=2108, stack(0x000000001ac80000,0x000000001ad80000)]
  0x00000000195f0000 JavaThread "Attach Listener" daemon [_thread_blocked, id=13936, stack(0x000000001ab80000,0x000000001ac80000)]
  0x00000000195ef000 JavaThread "Signal Dispatcher" daemon [_thread_blocked, id=13756, stack(0x000000001aa80000,0x000000001ab80000)]
  0x000000000256d800 JavaThread "Finalizer" daemon [_thread_blocked, id=2016, stack(0x000000001a850000,0x000000001a950000)]
  0x0000000002564800 JavaThread "Reference Handler" daemon [_thread_blocked, id=9144, stack(0x000000001a750000,0x000000001a850000)]
  0x0000000002477800 JavaThread "main" [_thread_in_Java, id=6648, stack(0x0000000002370000,0x0000000002470000)]

Other Threads:
  0x00000000195b6800 VMThread [stack: 0x000000001a650000,0x000000001a750000] [id=3756]
  0x000000001b036000 WatcherThread [stack: 0x000000001b480000,0x000000001b580000] [id=15132]

VM state:not at safepoint (normal execution)

VM Mutex/Monitor currently owned by a thread: None

Heap:
 PSYoungGen      total 57344K, used 18851K [0x0000000780980000, 0x0000000784980000, 0x00000007c0000000)
  eden space 49152K, 38% used [0x0000000780980000,0x0000000781be8f48,0x0000000783980000)
  from space 8192K, 0% used [0x0000000784180000,0x0000000784180000,0x0000000784980000)
  to   space 8192K, 0% used [0x0000000783980000,0x0000000783980000,0x0000000784180000)
 ParOldGen       total 131072K, used 0K [0x0000000701c00000, 0x0000000709c00000, 0x0000000780980000)
  object space 131072K, 0% used [0x0000000701c00000,0x0000000701c00000,0x0000000709c00000)
 Metaspace       used 6538K, capacity 6934K, committed 7168K, reserved 1056768K
  class space    used 797K, capacity 905K, committed 1024K, reserved 1048576K

Card table byte_map: [0x0000000011930000,0x0000000011f30000] byte_map_base: 0x000000000e122000

Marking Bits: (ParMarkBitMap*) 0x000000007654a5b0
 Begin Bits: [0x0000000012730000, 0x00000000156c0000)
 End Bits:   [0x00000000156c0000, 0x0000000018650000)

Polling page: 0x00000000005f0000

CodeCache: size=245760Kb used=2483Kb max_used=2483Kb free=243276Kb
 bounds [0x0000000002570000, 0x00000000027e0000, 0x0000000011570000]
 total_blobs=870 nmethods=581 adapters=202
 compilation: enabled

Compilation events (10 events):
Event: 0.588 Thread 0x0000000019609000  507       3       java.lang.invoke.MethodHandle::<init> (35 bytes)
Event: 0.588 Thread 0x0000000019609000 nmethod 507 0x00000000027ae110 code [0x00000000027ae2a0, 0x00000000027ae678]
Event: 0.588 Thread 0x0000000019609000  508       3       java.lang.invoke.LambdaForm::prepare (43 bytes)
Event: 0.588 Thread 0x0000000019609000 nmethod 508 0x00000000027b3390 code [0x00000000027b3520, 0x00000000027b3868]
Event: 0.591 Thread 0x0000000019609000  509       3       java.net.URL::toString (5 bytes)
Event: 0.591 Thread 0x0000000019609000 nmethod 509 0x00000000027adbd0 code [0x00000000027add40, 0x00000000027ae028]
Event: 0.592 Thread 0x0000000019609000  510       3       java.net.URL::toExternalForm (9 bytes)
Event: 0.592 Thread 0x0000000019609000 nmethod 510 0x00000000027b3990 code [0x00000000027b3b00, 0x00000000027b3d28]
Event: 0.592 Thread 0x0000000019609000  511       3       java.lang.invoke.MethodType::erase (8 bytes)
Event: 0.592 Thread 0x0000000019609000 nmethod 511 0x00000000027b3dd0 code [0x00000000027b3f20, 0x00000000027b4110]

GC Heap History (0 events):
No events

Deoptimization events (3 events):
Event: 0.254 Thread 0x0000000002477800 Uncommon trap: reason=unstable_if action=reinterpret pc=0x0000000002684674 method=java.lang.String.hashCode()I @ 14
Event: 0.323 Thread 0x0000000002477800 Uncommon trap: reason=unstable_if action=reinterpret pc=0x00000000026f0a28 method=java.lang.String.indexOf([CII[CIII)I @ 3
Event: 0.522 Thread 0x0000000002477800 Uncommon trap: reason=unstable_if action=reinterpret pc=0x000000000277459c method=sun.misc.MetaIndex.mayContain(Ljava/lang/String;)Z @ 38

Internal exceptions (9 events):
Event: 0.043 Thread 0x0000000002477800 Exception <a 'java/lang/NoSuchMethodError': Method sun.misc.Unsafe.defineClass(Ljava/lang/String;[BII)Ljava/lang/Class; name or signature does not match> (0x0000000780994088) thrown at [C:\re\workspace\8-2-build-windows-amd64-cygwin\jdk8u60\4407\hotspot\sr¿yí-@¦?
Event: 0.043 Thread 0x0000000002477800 Exception <a 'java/lang/NoSuchMethodError': Method sun.misc.Unsafe.prefetchRead(Ljava/lang/Object;J)V name or signature does not match> (0x0000000780994370) thrown at [C:\re\workspace\8-2-build-windows-amd64-cygwin\jdk8u60\4407\hotspot\src\share\vm\prims\jÞòGÚÓ×?
Event: 0.372 Thread 0x0000000002477800 Exception <a 'java/lang/NoSuchFieldError': method resolution failed> (0x00000007810d7220) thrown at [C:\re\workspace\8-2-build-windows-amd64-cygwin\jdk8u60\4407\hotspot\src\share\vm\prims\methodHandles.cpp, line 1146]
Event: 0.374 Thread 0x0000000002477800 Exception <a 'java/lang/NoSuchFieldError': method resolution failed> (0x00000007810e49c0) thrown at [C:\re\workspace\8-2-build-windows-amd64-cygwin\jdk8u60\4407\hotspot\src\share\vm\prims\methodHandles.cpp, line 1146]
Event: 0.407 Thread 0x0000000002477800 Exception <a 'java/security/PrivilegedActionException'> (0x000000078117a0e0) thrown at [C:\re\workspace\8-2-build-windows-amd64-cygwin\jdk8u60\4407\hotspot\src\share\vm\prims\jvm.cpp, line 1386]
Event: 0.407 Thread 0x0000000002477800 Exception <a 'java/security/PrivilegedActionException'> (0x000000078117a4d8) thrown at [C:\re\workspace\8-2-build-windows-amd64-cygwin\jdk8u60\4407\hotspot\src\share\vm\prims\jvm.cpp, line 1386]
Event: 0.408 Thread 0x0000000002477800 Exception <a 'java/security/PrivilegedActionException'> (0x000000078117e508) thrown at [C:\re\workspace\8-2-build-windows-amd64-cygwin\jdk8u60\4407\hotspot\src\share\vm\prims\jvm.cpp, line 1386]
Event: 0.408 Thread 0x0000000002477800 Exception <a 'java/security/PrivilegedActionException'> (0x000000078117e900) thrown at [C:\re\workspace\8-2-build-windows-amd64-cygwin\jdk8u60\4407\hotspot\src\share\vm\prims\jvm.cpp, line 1386]
Event: 0.575 Thread 0x0000000002477800 Exception <a 'java/lang/NoSuchMethodError': java.lang.Object.lambda$or$12(Ljava/util/function/Predicate;Ljava/lang/Object;)Z> (0x00000007818a0e68) thrown at [C:\re\workspace\8-2-build-windows-amd64-cygwin\jdk8u60\4407\hotspot\src\share\vm\interpreter\linkR

Events (10 events):
Event: 0.589 loading class org/junit/platform/engine/discovery/PackageNameFilter
Event: 0.589 loading class org/junit/platform/engine/discovery/PackageNameFilter done
Event: 0.590 loading class org/junit/platform/engine/CompositeFilter
Event: 0.590 loading class org/junit/platform/engine/CompositeFilter done
Event: 0.591 loading class org/junit/platform/engine/CompositeFilter$1
Event: 0.591 loading class org/junit/platform/engine/CompositeFilter$1 done
Event: 0.592 loading class org/junit/platform/engine/support/discovery/EngineDiscoveryRequestResolver$InitializationContext
Event: 0.592 loading class org/junit/platform/engine/support/discovery/EngineDiscoveryRequestResolver$InitializationContext done
Event: 0.592 loading class org/junit/platform/engine/support/discovery/EngineDiscoveryRequestResolver$InitializationContext
Event: 0.592 loading class org/junit/platform/engine/support/discovery/EngineDiscoveryRequestResolver$InitializationContext done


Dynamic libraries:
0x00007ff600ad0000 - 0x00007ff600b07000 	C:\Program Files\Java\jdk1.8.0_60\bin\javaw.exe
0x00007fffb3b50000 - 0x00007fffb3d48000 	C:\WINDOWS\SYSTEM32\ntdll.dll
0x00007fffb34b0000 - 0x00007fffb356d000 	C:\WINDOWS\System32\KERNEL32.DLL
0x00007fffb17e0000 - 0x00007fffb1aae000 	C:\WINDOWS\System32\KERNELBASE.dll
0x00007fffb35e0000 - 0x00007fffb368e000 	C:\WINDOWS\System32\ADVAPI32.dll
0x00007fffb2cc0000 - 0x00007fffb2d5e000 	C:\WINDOWS\System32\msvcrt.dll
0x00007fffb26b0000 - 0x00007fffb274c000 	C:\WINDOWS\System32\sechost.dll
0x00007fffb1bb0000 - 0x00007fffb1cd5000 	C:\WINDOWS\System32\RPCRT4.dll
0x00007fffb1db0000 - 0x00007fffb1f50000 	C:\WINDOWS\System32\USER32.dll
0x00007fffb14d0000 - 0x00007fffb14f2000 	C:\WINDOWS\System32\win32u.dll
0x00007fffb2750000 - 0x00007fffb277a000 	C:\WINDOWS\System32\GDI32.dll
0x00007fffb1270000 - 0x00007fffb137b000 	C:\WINDOWS\System32\gdi32full.dll
0x00007fffb1430000 - 0x00007fffb14cd000 	C:\WINDOWS\System32\msvcp_win.dll
0x00007fffb16e0000 - 0x00007fffb17e0000 	C:\WINDOWS\System32\ucrtbase.dll
0x00007fffa14b0000 - 0x00007fffa174a000 	C:\WINDOWS\WinSxS\amd64_microsoft.windows.common-controls_6595b64144ccf1df_6.0.19041.1110_none_60b5254171f9507e\COMCTL32.dll
0x00007fffb1d60000 - 0x00007fffb1d90000 	C:\WINDOWS\System32\IMM32.DLL
0x00000000765d0000 - 0x00000000766a2000 	C:\Program Files\Java\jdk1.8.0_60\jre\bin\msvcr100.dll
0x0000000075d40000 - 0x00000000765c9000 	C:\Program Files\Java\jdk1.8.0_60\jre\bin\server\jvm.dll
0x00007fffb1da0000 - 0x00007fffb1da8000 	C:\WINDOWS\System32\PSAPI.DLL
0x00007fff9a720000 - 0x00007fff9a729000 	C:\WINDOWS\SYSTEM32\WSOCK32.dll
0x00007fffa19e0000 - 0x00007fffa1a07000 	C:\WINDOWS\SYSTEM32\WINMM.dll
0x00007fffb2b40000 - 0x00007fffb2bab000 	C:\WINDOWS\System32\WS2_32.dll
0x00007fffa88a0000 - 0x00007fffa88aa000 	C:\WINDOWS\SYSTEM32\VERSION.dll
0x0000000075d30000 - 0x0000000075d3f000 	C:\Program Files\Java\jdk1.8.0_60\jre\bin\verify.dll
0x0000000075d00000 - 0x0000000075d29000 	C:\Program Files\Java\jdk1.8.0_60\jre\bin\java.dll
0x0000000075ce0000 - 0x0000000075cf6000 	C:\Program Files\Java\jdk1.8.0_60\jre\bin\zip.dll
0x00007fffb2d60000 - 0x00007fffb34a3000 	C:\WINDOWS\System32\SHELL32.dll
0x00007fffaf010000 - 0x00007fffaf7a5000 	C:\WINDOWS\SYSTEM32\windows.storage.dll
0x00007fffb37b0000 - 0x00007fffb3b04000 	C:\WINDOWS\System32\combase.dll
0x00007fffb0c60000 - 0x00007fffb0c90000 	C:\WINDOWS\SYSTEM32\Wldp.dll
0x00007fffb2060000 - 0x00007fffb210d000 	C:\WINDOWS\System32\SHCORE.dll
0x00007fffb2000000 - 0x00007fffb2055000 	C:\WINDOWS\System32\shlwapi.dll
0x00007fffb11b0000 - 0x00007fffb11cf000 	C:\WINDOWS\SYSTEM32\profapi.dll
0x0000000075cb0000 - 0x0000000075cca000 	C:\Program Files\Java\jdk1.8.0_60\jre\bin\net.dll
0x00007fffb0960000 - 0x00007fffb09ca000 	C:\WINDOWS\system32\mswsock.dll

VM Arguments:
jvm_args: -ea -Dfile.encoding=UTF-8 
java_command: org.eclipse.jdt.internal.junit.runner.RemoteTestRunner -version 3 -port 64389 -testLoaderClass org.eclipse.jdt.internal.junit5.runner.JUnit5TestLoader -loaderpluginname org.eclipse.jdt.junit5.runtime -classNames com.esprit.examen.services.StockServiceImplTest
java_class_path (initial): C:\Users\Ameni Hamdi\git\tpAchatProject\target\test-classes;C:\Users\Ameni Hamdi\git\tpAchatProject\target\classes;C:\Users\Ameni Hamdi\.m2\repository\org\springframework\boot\spring-boot-starter-data-jpa\2.5.3\spring-boot-starter-data-jpa-2.5.3.jar;C:\Users\Ameni Hamdi\.m2\repository\org\springframework\boot\spring-boot-starter-aop\2.5.3\spring-boot-starter-aop-2.5.3.jar;C:\Users\Ameni Hamdi\.m2\repository\org\springframework\spring-aop\5.3.9\spring-aop-5.3.9.jar;C:\Users\Ameni Hamdi\.m2\repository\org\aspectj\aspectjweaver\1.9.7\aspectjweaver-1.9.7.jar;C:\Users\Ameni Hamdi\.m2\repository\org\springframework\boot\spring-boot-starter-jdbc\2.5.3\spring-boot-starter-jdbc-2.5.3.jar;C:\Users\Ameni Hamdi\.m2\repository\com\zaxxer\HikariCP\4.0.3\HikariCP-4.0.3.jar;C:\Users\Ameni Hamdi\.m2\repository\org\springframework\spring-jdbc\5.3.9\spring-jdbc-5.3.9.jar;C:\Users\Ameni Hamdi\.m2\repository\jakarta\transaction\jakarta.transaction-api\1.3.3\jakarta.transaction-api-1.3.3.jar;C:\Users\Ameni Hamdi\.m2\repository\jakarta\persistence\jakarta.persistence-api\2.2.3\jakarta.persistence-api-2.2.3.jar;C:\Users\Ameni Hamdi\.m2\repository\org\hibernate\hibernate-core\5.4.32.Final\hibernate-core-5.4.32.Final.jar;C:\Users\Ameni Hamdi\.m2\repository\org\jboss\logging\jboss-logging\3.4.2.Final\jboss-logging-3.4.2.Final.jar;C:\Users\Ameni Hamdi\.m2\repository\org\javassist\javassist\3.27.0-GA\javassist-3.27.0-GA.jar;C:\Users\Ameni Hamdi\.m2\repository\net\bytebuddy\byte-buddy\1.10.22\byte-buddy-1.10.22.jar;C:\Users\Ameni Hamdi\.m2\repository\antlr\antlr\2.7.7\antlr-2.7.7.jar;C:\Users\Ameni Hamdi\.m2\repository\org\jboss\jandex\2.2.3.Final\jandex-2.2.3.Final.jar;C:\Users\Ameni Hamdi\.m2\repository\org\dom4j\dom4j\2.1.3\dom4j-2.1.3.jar;C:\Users\Ameni Hamdi\.m2\repository\org\hibernate\common\hibernate-commons-annotations\5.1.2.Final\hibernate-commons-annotations-5.1.2.Final.jar;C:\Users\Ameni Hamdi\.m2\repository\org\glassfish\jaxb\jaxb-runtime\2.3.4\jaxb-runt
Launcher Type: SUN_STANDARD

Environment Variables:
PATH=C:/Users/Ameni Hamdi/Documents/4SE/Spring/sts/sts-4.11.0.RELEASE//plugins/org.eclipse.justj.openjdk.hotspot.jre.full.win32.x86_64_16.0.1.v20210528-1205/jre/bin/server;C:/Users/Ameni Hamdi/Documents/4SE/Spring/sts/sts-4.11.0.RELEASE//plugins/org.eclipse.justj.openjdk.hotspot.jre.full.win32.x86_64_16.0.1.v20210528-1205/jre/bin;C:\Python310\Scripts\;C:\Python310\;C:\ProgramData\Oracle\Java\javapath;C:\oracle\product\10.2.0\db_1\bin;C:\WINDOWS\system32;C:\WINDOWS;C:\WINDOWS\System32\Wbem;C:\WINDOWS\System32\WindowsPowerShell\v1.0\;C:\WINDOWS\System32\OpenSSH\;C:\Program Files\Java\jdk1.8.0_60\bin;C:\Program Files\apache-maven-3.8.1\bin;C:\ProgramData\ComposerSetup\bin;C:\Program Files\Git\cmd;C:\Program Files\Git\mingw64\bin;C:\Program Files\Git\usr\bin;C:\Program Files\dotnet\;C:\Program Files\Microsoft SQL Server\130\Tools\Binn\;C:\Program Files\Microsoft SQL Server\Client SDK\ODBC\170\Tools\Binn\;C:\ProgramData\chocolatey\bin;C:\Program Files\nodejs\;C:\flexBison;C:\wamp64;C:\wamp64\bin\php\php8.1.0;C:\HashiCorp\Vagrant\bin;C:\Program Files (x86)\Microsoft SQL Server\110\Tools\Binn\;C:\Program Files (x86)\Microsoft SQL Server\110\DTS\Binn\;C:\Program Files (x86)\Microsoft SQL Server\110\Tools\Binn\ManagementStudio\;C:\Program Files (x86)\Microsoft Visual Studio 10.0\Common7\IDE\PrivateAssemblies\;C:\Users\Ameni Hamdi\scoop\shims;C:\Users\Ameni Hamdi\AppData\Local\Microsoft\WindowsApps;C:\Users\Ameni Hamdi\AppData\Local\Programs\Microsoft VS Code\bin;C:\Users\Ameni Hamdi\AppData\Roaming\Composer\vendor\bin;C:\ProgramData\Ameni Hamdi\GitHubDesktop\bin;C:\Users\Ameni Hamdi\.dotnet\tools;C:\Users\Ameni Hamdi\AppData\Roaming\npm\node_modules\@angular;C:\Users\Ameni Hamdi\AppData\Roaming\npm;C:\Users\Ameni Hamdi\Documents\4SE\Spring\sts\sts-4.11.0.RELEASE;
USERNAME=Ameni Hamdi
OS=Windows_NT
PROCESSOR_IDENTIFIER=Intel64 Family 6 Model 142 Stepping 9, GenuineIntel



---------------  S Y S T E M  ---------------

OS: Windows 10.0 , 64 bit Build 19041 (10.0.19041.1889)

CPU:total 4 (2 cores per cpu, 2 threads per core) family 6 model 142 stepping 9, cmov, cx8, fxsr, mmx, sse, sse2, sse3, ssse3, sse4.1, sse4.2, popcnt, avx, avx2, aes, clmul, erms, 3dnowpref, lzcnt, ht, tsc, tscinvbit, bmi1, bmi2, adx

Memory: 4k page, physical 12461492k(2330612k free), swap 15850980k(8764k free)

vm_info: Java HotSpot(TM) 64-Bit Server VM (25.60-b23) for windows-amd64 JRE (1.8.0_60-b27), built on Aug  4 2015 11:06:27 by "java_re" with MS VC++ 10.0 (VS2010)

time: Sun Oct 16 15:41:47 2022
elapsed time: 0 seconds (0d 0h 0m 0s)

